This is pdfTeX, Version 3.14159265-2.6-1.40.16 (MiKTeX 2.9) (preloaded format=pdftex 2016.8.4)  5 AUG 2016 14:36
entering extended mode
**C:/Users/THOMAS/Software/margins/inst/doc/Stata_OLS.md
(C:/Users/THOMAS/Software/margins/inst/doc/Stata_OLS.md
C:/Users/THOMAS/Software/margins/inst/doc/Stata_OLS.md:6: You can't use `macro 
parameter character #' in vertical mode
Sorry, but I'm not programmed to handle this case;
I'll just pretend that you didn't ask for it.
If you're in the wrong mode, you might be able to
return to the right one by typing `I}' or `I$' or `I\par'.


C:/Users/THOMAS/Software/margins/inst/doc/Stata_OLS.md:6: You can't use `macro 
parameter character #' in horizontal mode
Sorry, but I'm not programmed to handle this case;
I'll just pretend that you didn't ask for it.
If you're in the wrong mode, you might be able to
return to the right one by typing `I}' or `I$' or `I\par'.


C:/Users/THOMAS/Software/margins/inst/doc/Stata_OLS.md:18: You can't use `macro
 parameter character #' in vertical mode
Sorry, but I'm not programmed to handle this case;
I'll just pretend that you didn't ask for it.
If you're in the wrong mode, you might be able to
return to the right one by typing `I}' or `I$' or `I\par'.


C:/Users/THOMAS/Software/margins/inst/doc/Stata_OLS.md:18: You can't use `macro
 parameter character #' in vertical mode
Sorry, but I'm not programmed to handle this case;
I'll just pretend that you didn't ask for it.
If you're in the wrong mode, you might be able to
return to the right one by typing `I}' or `I$' or `I\par'.


C:/Users/THOMAS/Software/margins/inst/doc/Stata_OLS.md:18: You can't use `macro
 parameter character #' in horizontal mode
Sorry, but I'm not programmed to handle this case;
I'll just pretend that you didn't ask for it.
If you're in the wrong mode, you might be able to
return to the right one by typing `I}' or `I$' or `I\par'.


C:/Users/THOMAS/Software/margins/inst/doc/Stata_OLS.md:18: You can't use `macro
 parameter character #' in horizontal mode
Sorry, but I'm not programmed to handle this case;
I'll just pretend that you didn't ask for it.
If you're in the wrong mode, you might be able to
return to the right one by typing `I}' or `I$' or `I\par'.


C:/Users/THOMAS/Software/margins/inst/doc/Stata_OLS.md:20: You can't use `macro
 parameter character #' in vertical mode
Sorry, but I'm not programmed to handle this case;
I'll just pretend that you didn't ask for it.
If you're in the wrong mode, you might be able to
return to the right one by typing `I}' or `I$' or `I\par'.


C:/Users/THOMAS/Software/margins/inst/doc/Stata_OLS.md:20: You can't use `macro
 parameter character #' in vertical mode
Sorry, but I'm not programmed to handle this case;
I'll just pretend that you didn't ask for it.
If you're in the wrong mode, you might be able to
return to the right one by typing `I}' or `I$' or `I\par'.


C:/Users/THOMAS/Software/margins/inst/doc/Stata_OLS.md:20: You can't use `macro
 parameter character #' in vertical mode
Sorry, but I'm not programmed to handle this case;
I'll just pretend that you didn't ask for it.
If you're in the wrong mode, you might be able to
return to the right one by typing `I}' or `I$' or `I\par'.


C:/Users/THOMAS/Software/margins/inst/doc/Stata_OLS.md:20: You can't use `macro
 parameter character #' in horizontal mode
Sorry, but I'm not programmed to handle this case;
I'll just pretend that you didn't ask for it.
If you're in the wrong mode, you might be able to
return to the right one by typing `I}' or `I$' or `I\par'.


C:/Users/THOMAS/Software/margins/inst/doc/Stata_OLS.md:20: You can't use `macro
 parameter character #' in horizontal mode
Sorry, but I'm not programmed to handle this case;
I'll just pretend that you didn't ask for it.
If you're in the wrong mode, you might be able to
return to the right one by typing `I}' or `I$' or `I\par'.


C:/Users/THOMAS/Software/margins/inst/doc/Stata_OLS.md:20: You can't use `macro
 parameter character #' in horizontal mode
Sorry, but I'm not programmed to handle this case;
I'll just pretend that you didn't ask for it.
If you're in the wrong mode, you might be able to
return to the right one by typing `I}' or `I$' or `I\par'.


Overfull \hbox (3.71806pt too wide) in paragraph at lines 31--40
\tenrm P>|t| [95-------------+-------------------------------------------------
--------------- cyl | -.9416166 .5509165 -1.71 0.098|

\hbox(7.5+2.5)x469.75499, glue set - 1.0
.\tenrm P
.\tenrm >
.\tenrm |
.\tenrm t
.\tenrm |
.etc.


C:/Users/THOMAS/Software/margins/inst/doc/Stata_OLS.md:41: You can't use `macro
 parameter character #' in vertical mode
Sorry, but I'm not programmed to handle this case;
I'll just pretend that you didn't ask for it.
If you're in the wrong mode, you might be able to
return to the right one by typing `I}' or `I$' or `I\par'.


C:/Users/THOMAS/Software/margins/inst/doc/Stata_OLS.md:41: You can't use `macro
 parameter character #' in vertical mode
Sorry, but I'm not programmed to handle this case;
I'll just pretend that you didn't ask for it.
If you're in the wrong mode, you might be able to
return to the right one by typing `I}' or `I$' or `I\par'.


C:/Users/THOMAS/Software/margins/inst/doc/Stata_OLS.md:41: You can't use `macro
 parameter character #' in vertical mode
Sorry, but I'm not programmed to handle this case;
I'll just pretend that you didn't ask for it.
If you're in the wrong mode, you might be able to
return to the right one by typing `I}' or `I$' or `I\par'.


C:/Users/THOMAS/Software/margins/inst/doc/Stata_OLS.md:41: You can't use `macro
 parameter character #' in horizontal mode
Sorry, but I'm not programmed to handle this case;
I'll just pretend that you didn't ask for it.
If you're in the wrong mode, you might be able to
return to the right one by typing `I}' or `I$' or `I\par'.


C:/Users/THOMAS/Software/margins/inst/doc/Stata_OLS.md:41: You can't use `macro
 parameter character #' in horizontal mode
Sorry, but I'm not programmed to handle this case;
I'll just pretend that you didn't ask for it.
If you're in the wrong mode, you might be able to
return to the right one by typing `I}' or `I$' or `I\par'.


C:/Users/THOMAS/Software/margins/inst/doc/Stata_OLS.md:41: You can't use `macro
 parameter character #' in horizontal mode
Sorry, but I'm not programmed to handle this case;
I'll just pretend that you didn't ask for it.
If you're in the wrong mode, you might be able to
return to the right one by typing `I}' or `I$' or `I\par'.


C:/Users/THOMAS/Software/margins/inst/doc/Stata_OLS.md:47: You can't use `macro
 parameter character #' in horizontal mode
Sorry, but I'm not programmed to handle this case;
I'll just pretend that you didn't ask for it.
If you're in the wrong mode, you might be able to
return to the right one by typing `I}' or `I$' or `I\par'.


C:/Users/THOMAS/Software/margins/inst/doc/Stata_OLS.md:52: You can't use `macro
 parameter character #' in horizontal mode
Sorry, but I'm not programmed to handle this case;
I'll just pretend that you didn't ask for it.
If you're in the wrong mode, you might be able to
return to the right one by typing `I}' or `I$' or `I\par'.


C:/Users/THOMAS/Software/margins/inst/doc/Stata_OLS.md:52: You can't use `macro
 parameter character #' in horizontal mode
Sorry, but I'm not programmed to handle this case;
I'll just pretend that you didn't ask for it.
If you're in the wrong mode, you might be able to
return to the right one by typing `I}' or `I$' or `I\par'.


C:/Users/THOMAS/Software/margins/inst/doc/Stata_OLS.md:53: You can't use `macro
 parameter character #' in horizontal mode
Sorry, but I'm not programmed to handle this case;
I'll just pretend that you didn't ask for it.
If you're in the wrong mode, you might be able to
return to the right one by typing `I}' or `I$' or `I\par'.


C:/Users/THOMAS/Software/margins/inst/doc/Stata_OLS.md:53: You can't use `macro
 parameter character #' in horizontal mode
Sorry, but I'm not programmed to handle this case;
I'll just pretend that you didn't ask for it.
If you're in the wrong mode, you might be able to
return to the right one by typing `I}' or `I$' or `I\par'.


C:/Users/THOMAS/Software/margins/inst/doc/Stata_OLS.md:59: You can't use `macro
 parameter character #' in vertical mode
Sorry, but I'm not programmed to handle this case;
I'll just pretend that you didn't ask for it.
If you're in the wrong mode, you might be able to
return to the right one by typing `I}' or `I$' or `I\par'.


C:/Users/THOMAS/Software/margins/inst/doc/Stata_OLS.md:59: You can't use `macro
 parameter character #' in vertical mode
Sorry, but I'm not programmed to handle this case;
I'll just pretend that you didn't ask for it.
If you're in the wrong mode, you might be able to
return to the right one by typing `I}' or `I$' or `I\par'.


C:/Users/THOMAS/Software/margins/inst/doc/Stata_OLS.md:59: You can't use `macro
 parameter character #' in horizontal mode
Sorry, but I'm not programmed to handle this case;
I'll just pretend that you didn't ask for it.
If you're in the wrong mode, you might be able to
return to the right one by typing `I}' or `I$' or `I\par'.


C:/Users/THOMAS/Software/margins/inst/doc/Stata_OLS.md:59: You can't use `macro
 parameter character #' in horizontal mode
Sorry, but I'm not programmed to handle this case;
I'll just pretend that you didn't ask for it.
If you're in the wrong mode, you might be able to
return to the right one by typing `I}' or `I$' or `I\par'.


C:/Users/THOMAS/Software/margins/inst/doc/Stata_OLS.md:61: You can't use `macro
 parameter character #' in vertical mode
Sorry, but I'm not programmed to handle this case;
I'll just pretend that you didn't ask for it.
If you're in the wrong mode, you might be able to
return to the right one by typing `I}' or `I$' or `I\par'.


C:/Users/THOMAS/Software/margins/inst/doc/Stata_OLS.md:61: You can't use `macro
 parameter character #' in vertical mode
Sorry, but I'm not programmed to handle this case;
I'll just pretend that you didn't ask for it.
If you're in the wrong mode, you might be able to
return to the right one by typing `I}' or `I$' or `I\par'.


C:/Users/THOMAS/Software/margins/inst/doc/Stata_OLS.md:61: You can't use `macro
 parameter character #' in vertical mode
Sorry, but I'm not programmed to handle this case;
I'll just pretend that you didn't ask for it.
If you're in the wrong mode, you might be able to
return to the right one by typing `I}' or `I$' or `I\par'.


C:/Users/THOMAS/Software/margins/inst/doc/Stata_OLS.md:61: You can't use `macro
 parameter character #' in horizontal mode
Sorry, but I'm not programmed to handle this case;
I'll just pretend that you didn't ask for it.
If you're in the wrong mode, you might be able to
return to the right one by typing `I}' or `I$' or `I\par'.


C:/Users/THOMAS/Software/margins/inst/doc/Stata_OLS.md:61: You can't use `macro
 parameter character #' in horizontal mode
Sorry, but I'm not programmed to handle this case;
I'll just pretend that you didn't ask for it.
If you're in the wrong mode, you might be able to
return to the right one by typing `I}' or `I$' or `I\par'.


C:/Users/THOMAS/Software/margins/inst/doc/Stata_OLS.md:61: You can't use `macro
 parameter character #' in horizontal mode
Sorry, but I'm not programmed to handle this case;
I'll just pretend that you didn't ask for it.
If you're in the wrong mode, you might be able to
return to the right one by typing `I}' or `I$' or `I\par'.


C:/Users/THOMAS/Software/margins/inst/doc/Stata_OLS.md:64: You can't use `macro
 parameter character #' in horizontal mode
Sorry, but I'm not programmed to handle this case;
I'll just pretend that you didn't ask for it.
If you're in the wrong mode, you might be able to
return to the right one by typing `I}' or `I$' or `I\par'.


C:/Users/THOMAS/Software/margins/inst/doc/Stata_OLS.md:64: You can't use `macro
 parameter character #' in horizontal mode
Sorry, but I'm not programmed to handle this case;
I'll just pretend that you didn't ask for it.
If you're in the wrong mode, you might be able to
return to the right one by typing `I}' or `I$' or `I\par'.


Overfull \hbox (3.71806pt too wide) in paragraph at lines 72--81
\tenrm P>|t| [95-------------+-------------------------------------------------
--------------- cyl | -.3652391 .5086204 -0.72 0.479|

\hbox(7.5+2.5)x469.75499, glue set - 1.0
.\tenrm P
.\tenrm >
.\tenrm |
.\tenrm t
.\tenrm |
.etc.


C:/Users/THOMAS/Software/margins/inst/doc/Stata_OLS.md:82: You can't use `macro
 parameter character #' in vertical mode
Sorry, but I'm not programmed to handle this case;
I'll just pretend that you didn't ask for it.
If you're in the wrong mode, you might be able to
return to the right one by typing `I}' or `I$' or `I\par'.


C:/Users/THOMAS/Software/margins/inst/doc/Stata_OLS.md:82: You can't use `macro
 parameter character #' in vertical mode
Sorry, but I'm not programmed to handle this case;
I'll just pretend that you didn't ask for it.
If you're in the wrong mode, you might be able to
return to the right one by typing `I}' or `I$' or `I\par'.


C:/Users/THOMAS/Software/margins/inst/doc/Stata_OLS.md:82: You can't use `macro
 parameter character #' in vertical mode
Sorry, but I'm not programmed to handle this case;
I'll just pretend that you didn't ask for it.
If you're in the wrong mode, you might be able to
return to the right one by typing `I}' or `I$' or `I\par'.


C:/Users/THOMAS/Software/margins/inst/doc/Stata_OLS.md:82: You can't use `macro
 parameter character #' in horizontal mode
Sorry, but I'm not programmed to handle this case;
I'll just pretend that you didn't ask for it.
If you're in the wrong mode, you might be able to
return to the right one by typing `I}' or `I$' or `I\par'.


C:/Users/THOMAS/Software/margins/inst/doc/Stata_OLS.md:82: You can't use `macro
 parameter character #' in horizontal mode
Sorry, but I'm not programmed to handle this case;
I'll just pretend that you didn't ask for it.
If you're in the wrong mode, you might be able to
return to the right one by typing `I}' or `I$' or `I\par'.


C:/Users/THOMAS/Software/margins/inst/doc/Stata_OLS.md:82: You can't use `macro
 parameter character #' in horizontal mode
Sorry, but I'm not programmed to handle this case;
I'll just pretend that you didn't ask for it.
If you're in the wrong mode, you might be able to
return to the right one by typing `I}' or `I$' or `I\par'.


C:/Users/THOMAS/Software/margins/inst/doc/Stata_OLS.md:87: You can't use `macro
 parameter character #' in horizontal mode
Sorry, but I'm not programmed to handle this case;
I'll just pretend that you didn't ask for it.
If you're in the wrong mode, you might be able to
return to the right one by typing `I}' or `I$' or `I\par'.


C:/Users/THOMAS/Software/margins/inst/doc/Stata_OLS.md:92: You can't use `macro
 parameter character #' in horizontal mode
Sorry, but I'm not programmed to handle this case;
I'll just pretend that you didn't ask for it.
If you're in the wrong mode, you might be able to
return to the right one by typing `I}' or `I$' or `I\par'.


C:/Users/THOMAS/Software/margins/inst/doc/Stata_OLS.md:92: You can't use `macro
 parameter character #' in horizontal mode
Sorry, but I'm not programmed to handle this case;
I'll just pretend that you didn't ask for it.
If you're in the wrong mode, you might be able to
return to the right one by typing `I}' or `I$' or `I\par'.


C:/Users/THOMAS/Software/margins/inst/doc/Stata_OLS.md:93: You can't use `macro
 parameter character #' in horizontal mode
Sorry, but I'm not programmed to handle this case;
I'll just pretend that you didn't ask for it.
If you're in the wrong mode, you might be able to
return to the right one by typing `I}' or `I$' or `I\par'.


C:/Users/THOMAS/Software/margins/inst/doc/Stata_OLS.md:93: You can't use `macro
 parameter character #' in horizontal mode
Sorry, but I'm not programmed to handle this case;
I'll just pretend that you didn't ask for it.
If you're in the wrong mode, you might be able to
return to the right one by typing `I}' or `I$' or `I\par'.


C:/Users/THOMAS/Software/margins/inst/doc/Stata_OLS.md:98: You can't use `macro
 parameter character #' in vertical mode
Sorry, but I'm not programmed to handle this case;
I'll just pretend that you didn't ask for it.
If you're in the wrong mode, you might be able to
return to the right one by typing `I}' or `I$' or `I\par'.


C:/Users/THOMAS/Software/margins/inst/doc/Stata_OLS.md:98: You can't use `macro
 parameter character #' in vertical mode
Sorry, but I'm not programmed to handle this case;
I'll just pretend that you didn't ask for it.
If you're in the wrong mode, you might be able to
return to the right one by typing `I}' or `I$' or `I\par'.


C:/Users/THOMAS/Software/margins/inst/doc/Stata_OLS.md:98: You can't use `macro
 parameter character #' in horizontal mode
Sorry, but I'm not programmed to handle this case;
I'll just pretend that you didn't ask for it.
If you're in the wrong mode, you might be able to
return to the right one by typing `I}' or `I$' or `I\par'.


C:/Users/THOMAS/Software/margins/inst/doc/Stata_OLS.md:98: You can't use `macro
 parameter character #' in horizontal mode
Sorry, but I'm not programmed to handle this case;
I'll just pretend that you didn't ask for it.
If you're in the wrong mode, you might be able to
return to the right one by typing `I}' or `I$' or `I\par'.


C:/Users/THOMAS/Software/margins/inst/doc/Stata_OLS.md:100: You can't use `macr
o parameter character #' in vertical mode
Sorry, but I'm not programmed to handle this case;
I'll just pretend that you didn't ask for it.
If you're in the wrong mode, you might be able to
return to the right one by typing `I}' or `I$' or `I\par'.


C:/Users/THOMAS/Software/margins/inst/doc/Stata_OLS.md:100: You can't use `macr
o parameter character #' in vertical mode
Sorry, but I'm not programmed to handle this case;
I'll just pretend that you didn't ask for it.
If you're in the wrong mode, you might be able to
return to the right one by typing `I}' or `I$' or `I\par'.


C:/Users/THOMAS/Software/margins/inst/doc/Stata_OLS.md:100: You can't use `macr
o parameter character #' in vertical mode
Sorry, but I'm not programmed to handle this case;
I'll just pretend that you didn't ask for it.
If you're in the wrong mode, you might be able to
return to the right one by typing `I}' or `I$' or `I\par'.


C:/Users/THOMAS/Software/margins/inst/doc/Stata_OLS.md:100: You can't use `macr
o parameter character #' in horizontal mode
Sorry, but I'm not programmed to handle this case;
I'll just pretend that you didn't ask for it.
If you're in the wrong mode, you might be able to
return to the right one by typing `I}' or `I$' or `I\par'.


C:/Users/THOMAS/Software/margins/inst/doc/Stata_OLS.md:100: You can't use `macr
o parameter character #' in horizontal mode
Sorry, but I'm not programmed to handle this case;
I'll just pretend that you didn't ask for it.
If you're in the wrong mode, you might be able to
return to the right one by typing `I}' or `I$' or `I\par'.


C:/Users/THOMAS/Software/margins/inst/doc/Stata_OLS.md:100: You can't use `macr
o parameter character #' in horizontal mode
Sorry, but I'm not programmed to handle this case;
I'll just pretend that you didn't ask for it.
If you're in the wrong mode, you might be able to
return to the right one by typing `I}' or `I$' or `I\par'.


C:/Users/THOMAS/Software/margins/inst/doc/Stata_OLS.md:124: You can't use `macr
o parameter character #' in vertical mode
Sorry, but I'm not programmed to handle this case;
I'll just pretend that you didn't ask for it.
If you're in the wrong mode, you might be able to
return to the right one by typing `I}' or `I$' or `I\par'.


C:/Users/THOMAS/Software/margins/inst/doc/Stata_OLS.md:124: You can't use `macr
o parameter character #' in vertical mode
Sorry, but I'm not programmed to handle this case;
I'll just pretend that you didn't ask for it.
If you're in the wrong mode, you might be able to
return to the right one by typing `I}' or `I$' or `I\par'.


C:/Users/THOMAS/Software/margins/inst/doc/Stata_OLS.md:124: You can't use `macr
o parameter character #' in vertical mode
Sorry, but I'm not programmed to handle this case;
I'll just pretend that you didn't ask for it.
If you're in the wrong mode, you might be able to
return to the right one by typing `I}' or `I$' or `I\par'.


C:/Users/THOMAS/Software/margins/inst/doc/Stata_OLS.md:124: You can't use `macr
o parameter character #' in horizontal mode
Sorry, but I'm not programmed to handle this case;
I'll just pretend that you didn't ask for it.
If you're in the wrong mode, you might be able to
return to the right one by typing `I}' or `I$' or `I\par'.


C:/Users/THOMAS/Software/margins/inst/doc/Stata_OLS.md:124: You can't use `macr
o parameter character #' in horizontal mode
Sorry, but I'm not programmed to handle this case;
I'll just pretend that you didn't ask for it.
If you're in the wrong mode, you might be able to
return to the right one by typing `I}' or `I$' or `I\par'.


C:/Users/THOMAS/Software/margins/inst/doc/Stata_OLS.md:124: You can't use `macr
o parameter character #' in horizontal mode
Sorry, but I'm not programmed to handle this case;
I'll just pretend that you didn't ask for it.
If you're in the wrong mode, you might be able to
return to the right one by typing `I}' or `I$' or `I\par'.


C:/Users/THOMAS/Software/margins/inst/doc/Stata_OLS.md:129: You can't use `macr
o parameter character #' in horizontal mode
Sorry, but I'm not programmed to handle this case;
I'll just pretend that you didn't ask for it.
If you're in the wrong mode, you might be able to
return to the right one by typing `I}' or `I$' or `I\par'.


C:/Users/THOMAS/Software/margins/inst/doc/Stata_OLS.md:134: You can't use `macr
o parameter character #' in horizontal mode
Sorry, but I'm not programmed to handle this case;
I'll just pretend that you didn't ask for it.
If you're in the wrong mode, you might be able to
return to the right one by typing `I}' or `I$' or `I\par'.


C:/Users/THOMAS/Software/margins/inst/doc/Stata_OLS.md:134: You can't use `macr
o parameter character #' in horizontal mode
Sorry, but I'm not programmed to handle this case;
I'll just pretend that you didn't ask for it.
If you're in the wrong mode, you might be able to
return to the right one by typing `I}' or `I$' or `I\par'.


C:/Users/THOMAS/Software/margins/inst/doc/Stata_OLS.md:136: Missing $ inserted
I've inserted a begin-math/end-math symbol since I think
you left one out. Proceed, with fingers crossed.


Overfull \hbox (130.16634pt too wide) in paragraph at lines 133--136
[]\tenrm ```  Er-ror in model.frame.default(Terms, new-data, na.action = na.act
ion, xlev = object$\teni xlevels\tenrm ) : \teni factorfactor\tenrm (\teni cyl\
tenrm )\teni hasnewlevel\tenrm 6\teni :\tenrm 0001\`$ |

\hbox(7.5+2.5)x469.75499, glue set - 1.0
.\hbox(0.0+0.0)x20.0
.\tenrm \ (ligature ``)
.\tenrm `
.\glue 3.33333 plus 1.66666 minus 1.11111
.\glue 3.33333 plus 1.66666 minus 1.11111
.etc.


C:/Users/THOMAS/Software/margins/inst/doc/Stata_OLS.md:140: You can't use `macr
o parameter character #' in vertical mode
Sorry, but I'm not programmed to handle this case;
I'll just pretend that you didn't ask for it.
If you're in the wrong mode, you might be able to
return to the right one by typing `I}' or `I$' or `I\par'.


C:/Users/THOMAS/Software/margins/inst/doc/Stata_OLS.md:140: You can't use `macr
o parameter character #' in vertical mode
Sorry, but I'm not programmed to handle this case;
I'll just pretend that you didn't ask for it.
If you're in the wrong mode, you might be able to
return to the right one by typing `I}' or `I$' or `I\par'.


C:/Users/THOMAS/Software/margins/inst/doc/Stata_OLS.md:140: You can't use `macr
o parameter character #' in horizontal mode
Sorry, but I'm not programmed to handle this case;
I'll just pretend that you didn't ask for it.
If you're in the wrong mode, you might be able to
return to the right one by typing `I}' or `I$' or `I\par'.


C:/Users/THOMAS/Software/margins/inst/doc/Stata_OLS.md:140: You can't use `macr
o parameter character #' in horizontal mode
Sorry, but I'm not programmed to handle this case;
I'll just pretend that you didn't ask for it.
If you're in the wrong mode, you might be able to
return to the right one by typing `I}' or `I$' or `I\par'.


C:/Users/THOMAS/Software/margins/inst/doc/Stata_OLS.md:142: You can't use `macr
o parameter character #' in vertical mode
Sorry, but I'm not programmed to handle this case;
I'll just pretend that you didn't ask for it.
If you're in the wrong mode, you might be able to
return to the right one by typing `I}' or `I$' or `I\par'.


C:/Users/THOMAS/Software/margins/inst/doc/Stata_OLS.md:142: You can't use `macr
o parameter character #' in vertical mode
Sorry, but I'm not programmed to handle this case;
I'll just pretend that you didn't ask for it.
If you're in the wrong mode, you might be able to
return to the right one by typing `I}' or `I$' or `I\par'.


C:/Users/THOMAS/Software/margins/inst/doc/Stata_OLS.md:142: You can't use `macr
o parameter character #' in vertical mode
Sorry, but I'm not programmed to handle this case;
I'll just pretend that you didn't ask for it.
If you're in the wrong mode, you might be able to
return to the right one by typing `I}' or `I$' or `I\par'.


C:/Users/THOMAS/Software/margins/inst/doc/Stata_OLS.md:142: You can't use `macr
o parameter character #' in horizontal mode
Sorry, but I'm not programmed to handle this case;
I'll just pretend that you didn't ask for it.
If you're in the wrong mode, you might be able to
return to the right one by typing `I}' or `I$' or `I\par'.


C:/Users/THOMAS/Software/margins/inst/doc/Stata_OLS.md:142: You can't use `macr
o parameter character #' in horizontal mode
Sorry, but I'm not programmed to handle this case;
I'll just pretend that you didn't ask for it.
If you're in the wrong mode, you might be able to
return to the right one by typing `I}' or `I$' or `I\par'.


C:/Users/THOMAS/Software/margins/inst/doc/Stata_OLS.md:142: You can't use `macr
o parameter character #' in horizontal mode
Sorry, but I'm not programmed to handle this case;
I'll just pretend that you didn't ask for it.
If you're in the wrong mode, you might be able to
return to the right one by typing `I}' or `I$' or `I\par'.


C:/Users/THOMAS/Software/margins/inst/doc/Stata_OLS.md:145: You can't use `macr
o parameter character #' in horizontal mode
Sorry, but I'm not programmed to handle this case;
I'll just pretend that you didn't ask for it.
If you're in the wrong mode, you might be able to
return to the right one by typing `I}' or `I$' or `I\par'.


C:/Users/THOMAS/Software/margins/inst/doc/Stata_OLS.md:145: You can't use `macr
o parameter character #' in horizontal mode
Sorry, but I'm not programmed to handle this case;
I'll just pretend that you didn't ask for it.
If you're in the wrong mode, you might be able to
return to the right one by typing `I}' or `I$' or `I\par'.


[1{C:/Users/THOMAS/AppData/Local/MiKTeX/2.9/pdftex/config/pdftex.map}]
C:/Users/THOMAS/Software/margins/inst/doc/Stata_OLS.md:163: You can't use `macr
o parameter character #' in vertical mode
Sorry, but I'm not programmed to handle this case;
I'll just pretend that you didn't ask for it.
If you're in the wrong mode, you might be able to
return to the right one by typing `I}' or `I$' or `I\par'.


C:/Users/THOMAS/Software/margins/inst/doc/Stata_OLS.md:163: You can't use `macr
o parameter character #' in vertical mode
Sorry, but I'm not programmed to handle this case;
I'll just pretend that you didn't ask for it.
If you're in the wrong mode, you might be able to
return to the right one by typing `I}' or `I$' or `I\par'.


C:/Users/THOMAS/Software/margins/inst/doc/Stata_OLS.md:163: You can't use `macr
o parameter character #' in vertical mode
Sorry, but I'm not programmed to handle this case;
I'll just pretend that you didn't ask for it.
If you're in the wrong mode, you might be able to
return to the right one by typing `I}' or `I$' or `I\par'.


C:/Users/THOMAS/Software/margins/inst/doc/Stata_OLS.md:163: You can't use `macr
o parameter character #' in horizontal mode
Sorry, but I'm not programmed to handle this case;
I'll just pretend that you didn't ask for it.
If you're in the wrong mode, you might be able to
return to the right one by typing `I}' or `I$' or `I\par'.


C:/Users/THOMAS/Software/margins/inst/doc/Stata_OLS.md:163: You can't use `macr
o parameter character #' in horizontal mode
Sorry, but I'm not programmed to handle this case;
I'll just pretend that you didn't ask for it.
If you're in the wrong mode, you might be able to
return to the right one by typing `I}' or `I$' or `I\par'.


C:/Users/THOMAS/Software/margins/inst/doc/Stata_OLS.md:163: You can't use `macr
o parameter character #' in horizontal mode
Sorry, but I'm not programmed to handle this case;
I'll just pretend that you didn't ask for it.
If you're in the wrong mode, you might be able to
return to the right one by typing `I}' or `I$' or `I\par'.


C:/Users/THOMAS/Software/margins/inst/doc/Stata_OLS.md:167: Missing $ inserted
I've inserted a begin-math/end-math symbol since I think
you left one out. Proceed, with fingers crossed.


C:/Users/THOMAS/Software/margins/inst/doc/Stata_OLS.md:168: You can't use `macr
o parameter character #' in math mode
Sorry, but I'm not programmed to handle this case;
I'll just pretend that you didn't ask for it.
If you're in the wrong mode, you might be able to
return to the right one by typing `I}' or `I$' or `I\par'.


C:/Users/THOMAS/Software/margins/inst/doc/Stata_OLS.md:171: Missing $ inserted
I've inserted a begin-math/end-math symbol since I think
you left one out. Proceed, with fingers crossed.


C:/Users/THOMAS/Software/margins/inst/doc/Stata_OLS.md:173: You can't use `macr
o parameter character #' in horizontal mode
Sorry, but I'm not programmed to handle this case;
I'll just pretend that you didn't ask for it.
If you're in the wrong mode, you might be able to
return to the right one by typing `I}' or `I$' or `I\par'.


C:/Users/THOMAS/Software/margins/inst/doc/Stata_OLS.md:173: You can't use `macr
o parameter character #' in horizontal mode
Sorry, but I'm not programmed to handle this case;
I'll just pretend that you didn't ask for it.
If you're in the wrong mode, you might be able to
return to the right one by typing `I}' or `I$' or `I\par'.


C:/Users/THOMAS/Software/margins/inst/doc/Stata_OLS.md:174: You can't use `macr
o parameter character #' in horizontal mode
Sorry, but I'm not programmed to handle this case;
I'll just pretend that you didn't ask for it.
If you're in the wrong mode, you might be able to
return to the right one by typing `I}' or `I$' or `I\par'.


C:/Users/THOMAS/Software/margins/inst/doc/Stata_OLS.md:174: You can't use `macr
o parameter character #' in horizontal mode
Sorry, but I'm not programmed to handle this case;
I'll just pretend that you didn't ask for it.
If you're in the wrong mode, you might be able to
return to the right one by typing `I}' or `I$' or `I\par'.


C:/Users/THOMAS/Software/margins/inst/doc/Stata_OLS.md:179: You can't use `macr
o parameter character #' in vertical mode
Sorry, but I'm not programmed to handle this case;
I'll just pretend that you didn't ask for it.
If you're in the wrong mode, you might be able to
return to the right one by typing `I}' or `I$' or `I\par'.


C:/Users/THOMAS/Software/margins/inst/doc/Stata_OLS.md:179: You can't use `macr
o parameter character #' in vertical mode
Sorry, but I'm not programmed to handle this case;
I'll just pretend that you didn't ask for it.
If you're in the wrong mode, you might be able to
return to the right one by typing `I}' or `I$' or `I\par'.


C:/Users/THOMAS/Software/margins/inst/doc/Stata_OLS.md:179: You can't use `macr
o parameter character #' in horizontal mode
Sorry, but I'm not programmed to handle this case;
I'll just pretend that you didn't ask for it.
If you're in the wrong mode, you might be able to
return to the right one by typing `I}' or `I$' or `I\par'.


C:/Users/THOMAS/Software/margins/inst/doc/Stata_OLS.md:179: You can't use `macr
o parameter character #' in horizontal mode
Sorry, but I'm not programmed to handle this case;
I'll just pretend that you didn't ask for it.
If you're in the wrong mode, you might be able to
return to the right one by typing `I}' or `I$' or `I\par'.


C:/Users/THOMAS/Software/margins/inst/doc/Stata_OLS.md:181: You can't use `macr
o parameter character #' in vertical mode
Sorry, but I'm not programmed to handle this case;
I'll just pretend that you didn't ask for it.
If you're in the wrong mode, you might be able to
return to the right one by typing `I}' or `I$' or `I\par'.


C:/Users/THOMAS/Software/margins/inst/doc/Stata_OLS.md:181: You can't use `macr
o parameter character #' in vertical mode
Sorry, but I'm not programmed to handle this case;
I'll just pretend that you didn't ask for it.
If you're in the wrong mode, you might be able to
return to the right one by typing `I}' or `I$' or `I\par'.


C:/Users/THOMAS/Software/margins/inst/doc/Stata_OLS.md:181: You can't use `macr
o parameter character #' in vertical mode
Sorry, but I'm not programmed to handle this case;
I'll just pretend that you didn't ask for it.
If you're in the wrong mode, you might be able to
return to the right one by typing `I}' or `I$' or `I\par'.


C:/Users/THOMAS/Software/margins/inst/doc/Stata_OLS.md:181: You can't use `macr
o parameter character #' in horizontal mode
Sorry, but I'm not programmed to handle this case;
I'll just pretend that you didn't ask for it.
If you're in the wrong mode, you might be able to
return to the right one by typing `I}' or `I$' or `I\par'.


C:/Users/THOMAS/Software/margins/inst/doc/Stata_OLS.md:181: You can't use `macr
o parameter character #' in horizontal mode
Sorry, but I'm not programmed to handle this case;
I'll just pretend that you didn't ask for it.
If you're in the wrong mode, you might be able to
return to the right one by typing `I}' or `I$' or `I\par'.


C:/Users/THOMAS/Software/margins/inst/doc/Stata_OLS.md:181: You can't use `macr
o parameter character #' in horizontal mode
Sorry, but I'm not programmed to handle this case;
I'll just pretend that you didn't ask for it.
If you're in the wrong mode, you might be able to
return to the right one by typing `I}' or `I$' or `I\par'.


C:/Users/THOMAS/Software/margins/inst/doc/Stata_OLS.md:184: Missing $ inserted
I've inserted a begin-math/end-math symbol since I think
you left one out. Proceed, with fingers crossed.


C:/Users/THOMAS/Software/margins/inst/doc/Stata_OLS.md:187: Missing $ inserted
I've inserted a begin-math/end-math symbol since I think
you left one out. Proceed, with fingers crossed.


C:/Users/THOMAS/Software/margins/inst/doc/Stata_OLS.md:202: You can't use `macr
o parameter character #' in vertical mode
Sorry, but I'm not programmed to handle this case;
I'll just pretend that you didn't ask for it.
If you're in the wrong mode, you might be able to
return to the right one by typing `I}' or `I$' or `I\par'.


C:/Users/THOMAS/Software/margins/inst/doc/Stata_OLS.md:202: You can't use `macr
o parameter character #' in vertical mode
Sorry, but I'm not programmed to handle this case;
I'll just pretend that you didn't ask for it.
If you're in the wrong mode, you might be able to
return to the right one by typing `I}' or `I$' or `I\par'.


C:/Users/THOMAS/Software/margins/inst/doc/Stata_OLS.md:202: You can't use `macr
o parameter character #' in vertical mode
Sorry, but I'm not programmed to handle this case;
I'll just pretend that you didn't ask for it.
If you're in the wrong mode, you might be able to
return to the right one by typing `I}' or `I$' or `I\par'.


C:/Users/THOMAS/Software/margins/inst/doc/Stata_OLS.md:202: You can't use `macr
o parameter character #' in horizontal mode
Sorry, but I'm not programmed to handle this case;
I'll just pretend that you didn't ask for it.
If you're in the wrong mode, you might be able to
return to the right one by typing `I}' or `I$' or `I\par'.


C:/Users/THOMAS/Software/margins/inst/doc/Stata_OLS.md:202: You can't use `macr
o parameter character #' in horizontal mode
Sorry, but I'm not programmed to handle this case;
I'll just pretend that you didn't ask for it.
If you're in the wrong mode, you might be able to
return to the right one by typing `I}' or `I$' or `I\par'.


C:/Users/THOMAS/Software/margins/inst/doc/Stata_OLS.md:202: You can't use `macr
o parameter character #' in horizontal mode
Sorry, but I'm not programmed to handle this case;
I'll just pretend that you didn't ask for it.
If you're in the wrong mode, you might be able to
return to the right one by typing `I}' or `I$' or `I\par'.


C:/Users/THOMAS/Software/margins/inst/doc/Stata_OLS.md:206: Missing $ inserted
I've inserted a begin-math/end-math symbol since I think
you left one out. Proceed, with fingers crossed.


C:/Users/THOMAS/Software/margins/inst/doc/Stata_OLS.md:207: You can't use `macr
o parameter character #' in math mode
Sorry, but I'm not programmed to handle this case;
I'll just pretend that you didn't ask for it.
If you're in the wrong mode, you might be able to
return to the right one by typing `I}' or `I$' or `I\par'.


C:/Users/THOMAS/Software/margins/inst/doc/Stata_OLS.md:210: Missing $ inserted
I've inserted a begin-math/end-math symbol since I think
you left one out. Proceed, with fingers crossed.


C:/Users/THOMAS/Software/margins/inst/doc/Stata_OLS.md:212: You can't use `macr
o parameter character #' in horizontal mode
Sorry, but I'm not programmed to handle this case;
I'll just pretend that you didn't ask for it.
If you're in the wrong mode, you might be able to
return to the right one by typing `I}' or `I$' or `I\par'.


C:/Users/THOMAS/Software/margins/inst/doc/Stata_OLS.md:212: You can't use `macr
o parameter character #' in horizontal mode
Sorry, but I'm not programmed to handle this case;
I'll just pretend that you didn't ask for it.
If you're in the wrong mode, you might be able to
return to the right one by typing `I}' or `I$' or `I\par'.


C:/Users/THOMAS/Software/margins/inst/doc/Stata_OLS.md:213: You can't use `macr
o parameter character #' in horizontal mode
Sorry, but I'm not programmed to handle this case;
I'll just pretend that you didn't ask for it.
If you're in the wrong mode, you might be able to
return to the right one by typing `I}' or `I$' or `I\par'.


C:/Users/THOMAS/Software/margins/inst/doc/Stata_OLS.md:213: You can't use `macr
o parameter character #' in horizontal mode
Sorry, but I'm not programmed to handle this case;
I'll just pretend that you didn't ask for it.
If you're in the wrong mode, you might be able to
return to the right one by typing `I}' or `I$' or `I\par'.

)
! Emergency stop
*** (job aborted, no legal \end found)

!  ==> Fatal error occurred, no output PDF file produced!
